<?xml version='1.0' encoding='UTF-8' ?>
<testsuite name="com.example.personaltravel.ExcursionDetailsTest" tests="2" failures="0" errors="0" skipped="0" time="24.614" timestamp="2025-08-05T23:24:30" hostname="localhost">
  <properties>
    <property name="device" value="0802(AVD) - 16" />
    <property name="flavor" value="" />
    <property name="project" value=":app" />
  </properties>
  <testcase name="excursionDateBeforeVacationStart_showsValidationError" classname="com.example.personaltravel.ExcursionDetailsTest" time="16.227" />
  <testcase name="emptyExcursionName_showsValidationError" classname="com.example.personaltravel.ExcursionDetailsTest" time="6.042" />
</testsuite>