<?xml version='1.0' encoding='UTF-8' ?>
<testsuite name="com.example.personaltravel.ExcursionDetailsTest" tests="2" failures="0" errors="0" skipped="0" time="13.538" timestamp="2025-08-05T01:47:54" hostname="localhost">
  <properties>
    <property name="device" value="0802(AVD) - 16" />
    <property name="flavor" value="" />
    <property name="project" value=":app" />
  </properties>
  <testcase name="excursionDateBeforeVacationStart_showsValidationError" classname="com.example.personaltravel.ExcursionDetailsTest" time="7.487" />
  <testcase name="emptyExcursionName_showsValidationError" classname="com.example.personaltravel.ExcursionDetailsTest" time="4.915" />
</testsuite>